  Wirtualizacja i dalsze dziedziczenie.cpp
F:\PO\Wirtualizacja i dalsze dziedziczenie\Wirtualizacja i dalsze dziedziczenie.cpp(71,31): error C2761: „{ctor}”: Ponowna deklaracja składowej nie jest dozwolona
F:\PO\Wirtualizacja i dalsze dziedziczenie\Wirtualizacja i dalsze dziedziczenie.cpp(72,19): error C2143: błąd składniowy: brakuje „)” przed „,”
F:\PO\Wirtualizacja i dalsze dziedziczenie\Wirtualizacja i dalsze dziedziczenie.cpp(72,11): error C2512: "Prostokat": niedostępny odpowiedni konstruktor domyślny
F:\PO\Wirtualizacja i dalsze dziedziczenie\Wirtualizacja i dalsze dziedziczenie.cpp(37,7): message : zobacz deklarację „Prostokat”
F:\PO\Wirtualizacja i dalsze dziedziczenie\Wirtualizacja i dalsze dziedziczenie.cpp(72,29): error C2059: błąd składniowy: „)”
F:\PO\Wirtualizacja i dalsze dziedziczenie\Wirtualizacja i dalsze dziedziczenie.cpp(72,21): error C2086: "Prostokat nDlugosc": zmiana definicji
F:\PO\Wirtualizacja i dalsze dziedziczenie\Wirtualizacja i dalsze dziedziczenie.cpp(72): message : zobacz deklarację „nDlugosc”
F:\PO\Wirtualizacja i dalsze dziedziczenie\Wirtualizacja i dalsze dziedziczenie.cpp(72,32): error C2512: "Prostokat": niedostępny odpowiedni konstruktor domyślny
F:\PO\Wirtualizacja i dalsze dziedziczenie\Wirtualizacja i dalsze dziedziczenie.cpp(72,32): message : Żaden konstruktor nie mógł przyjąć typu źródłowego lub rozpoznanie przeciążenia konstruktora było niejednoznaczne
F:\PO\Wirtualizacja i dalsze dziedziczenie\Wirtualizacja i dalsze dziedziczenie.cpp(74,10): error C2143: błąd składniowy: brakuje „;” przed „Kwadrat::{ctor}”
F:\PO\Wirtualizacja i dalsze dziedziczenie\Wirtualizacja i dalsze dziedziczenie.cpp(75,1): error C3646: "Prostokat": nieznany specyfikator przesłonięcia
F:\PO\Wirtualizacja i dalsze dziedziczenie\Wirtualizacja i dalsze dziedziczenie.cpp(75,10): error C2059: błąd składniowy: „(”
F:\PO\Wirtualizacja i dalsze dziedziczenie\Wirtualizacja i dalsze dziedziczenie.cpp(75,19): error C2143: błąd składniowy: brakuje „)” przed „,”
F:\PO\Wirtualizacja i dalsze dziedziczenie\Wirtualizacja i dalsze dziedziczenie.cpp(75,19): error C4430: brak specyfikatora typu - założono, że int. Uwaga: C++ nie obsługuje domyślnie typu int
F:\PO\Wirtualizacja i dalsze dziedziczenie\Wirtualizacja i dalsze dziedziczenie.cpp(75,11): error C2371: "nDlugosc": zmiana definicji; różne typy podstawowe
F:\PO\Wirtualizacja i dalsze dziedziczenie\Wirtualizacja i dalsze dziedziczenie.cpp(72): message : zobacz deklarację „nDlugosc”
F:\PO\Wirtualizacja i dalsze dziedziczenie\Wirtualizacja i dalsze dziedziczenie.cpp(75,31): error C2059: błąd składniowy: „)”
F:\PO\Wirtualizacja i dalsze dziedziczenie\Wirtualizacja i dalsze dziedziczenie.cpp(76,1): error C4430: brak specyfikatora typu - założono, że int. Uwaga: C++ nie obsługuje domyślnie typu int
F:\PO\Wirtualizacja i dalsze dziedziczenie\Wirtualizacja i dalsze dziedziczenie.cpp(77,5): error C2059: błąd składniowy: „if”
F:\PO\Wirtualizacja i dalsze dziedziczenie\Wirtualizacja i dalsze dziedziczenie.cpp(79,1): error C2059: błąd składniowy: „}”
F:\PO\Wirtualizacja i dalsze dziedziczenie\Wirtualizacja i dalsze dziedziczenie.cpp(79,1): error C2143: błąd składniowy: brakuje „;” przed „}”
F:\PO\Wirtualizacja i dalsze dziedziczenie\Wirtualizacja i dalsze dziedziczenie.cpp(81,1): error C2143: błąd składniowy: brakuje „;” przed „{”
F:\PO\Wirtualizacja i dalsze dziedziczenie\Wirtualizacja i dalsze dziedziczenie.cpp(81,1): error C2447: "{": brak nagłówka funkcji (stary styl formalnej listy?)
